# JRE version: Java(TM) SE Runtime Environment (17.0.12+8) (build 17.0.12+8-LTS-286)
# Java VM: Java HotSpot(TM) 64-Bit Server VM (17.0.12+8-LTS-286, mixed mode, sharing, tiered, compressed oops, compressed class ptrs, g1 gc, windows-amd64)
GC Precious Log:
 CPUs: 5 total, 5 available
 Memory: 10239M
 Large Page Support: Disabled
 NUMA Support: Disabled
 Compressed Oops: Enabled (Zero based)
 Heap Region Size: 2M
 Heap Min Capacity: 8M
 Heap Initial Capacity: 160M
 Heap Max Capacity: 2560M
 Pre-touch: Disabled
 Parallel Workers: 5
 Concurrent Workers: 1
 Concurrent Refinement Workers: 5
 Periodic GC: Disabled
Heap:
 garbage-first heap   total 61440K, used 39283K [0x0000000760000000, 0x0000000800000000)
  region size 2048K, 6 young (12288K), 1 survivors (2048K)
 Metaspace       used 75059K, committed 75712K, reserved 1179648K
  class space    used 10320K, committed 10624K, reserved 1048576K
GC Heap History (20 events):
Event: 11.190 GC heap before
{Heap before GC invocations=9 (full 0):
 garbage-first heap   total 61440K, used 19799K [0x0000000760000000, 0x0000000800000000)
  region size 2048K, 3 young (6144K), 2 survivors (4096K)
 Metaspace       used 35580K, committed 35968K, reserved 1114112K
  class space    used 4734K, committed 4928K, reserved 1048576K
}
Event: 11.193 GC heap after
{Heap after GC invocations=10 (full 0):
 garbage-first heap   total 61440K, used 19852K [0x0000000760000000, 0x0000000800000000)
  region size 2048K, 1 young (2048K), 1 survivors (2048K)
 Metaspace       used 35580K, committed 35968K, reserved 1114112K
  class space    used 4734K, committed 4928K, reserved 1048576K
}
Event: 13.797 GC heap before
{Heap before GC invocations=11 (full 0):
 garbage-first heap   total 61440K, used 42380K [0x0000000760000000, 0x0000000800000000)
  region size 2048K, 13 young (26624K), 1 survivors (2048K)
 Metaspace       used 44897K, committed 45376K, reserved 1114112K
  class space    used 5892K, committed 6144K, reserved 1048576K
}
Event: 13.802 GC heap after
{Heap after GC invocations=12 (full 0):
 garbage-first heap   total 61440K, used 22520K [0x0000000760000000, 0x0000000800000000)
  region size 2048K, 2 young (4096K), 2 survivors (4096K)
 Metaspace       used 44897K, committed 45376K, reserved 1114112K
  class space    used 5892K, committed 6144K, reserved 1048576K
}
Event: 14.392 GC heap before
{Heap before GC invocations=12 (full 0):
 garbage-first heap   total 61440K, used 45048K [0x0000000760000000, 0x0000000800000000)
  region size 2048K, 13 young (26624K), 2 survivors (4096K)
 Metaspace       used 50088K, committed 50560K, reserved 1114112K
  class space    used 6538K, committed 6784K, reserved 1048576K
}
Event: 14.396 GC heap after
{Heap after GC invocations=13 (full 0):
 garbage-first heap   total 61440K, used 23981K [0x0000000760000000, 0x0000000800000000)
  region size 2048K, 1 young (2048K), 1 survivors (2048K)
 Metaspace       used 50088K, committed 50560K, reserved 1114112K
  class space    used 6538K, committed 6784K, reserved 1048576K
}
Event: 15.126 GC heap before
{Heap before GC invocations=13 (full 0):
 garbage-first heap   total 61440K, used 44461K [0x0000000760000000, 0x0000000800000000)
  region size 2048K, 12 young (24576K), 1 survivors (2048K)
 Metaspace       used 56542K, committed 57088K, reserved 1114112K
  class space    used 7624K, committed 7872K, reserved 1048576K
}
Event: 15.128 GC heap after
{Heap after GC invocations=14 (full 0):
 garbage-first heap   total 61440K, used 24475K [0x0000000760000000, 0x0000000800000000)
  region size 2048K, 2 young (4096K), 2 survivors (4096K)
 Metaspace       used 56542K, committed 57088K, reserved 1114112K
  class space    used 7624K, committed 7872K, reserved 1048576K
}
Event: 29.357 GC heap before
{Heap before GC invocations=14 (full 0):
 garbage-first heap   total 61440K, used 38811K [0x0000000760000000, 0x0000000800000000)
  region size 2048K, 10 young (20480K), 2 survivors (4096K)
 Metaspace       used 59781K, committed 60288K, reserved 1114112K
  class space    used 8036K, committed 8256K, reserved 1048576K
}
Event: 29.360 GC heap after
{Heap after GC invocations=15 (full 0):
 garbage-first heap   total 61440K, used 25477K [0x0000000760000000, 0x0000000800000000)
  region size 2048K, 2 young (4096K), 2 survivors (4096K)
 Metaspace       used 59781K, committed 60288K, reserved 1114112K
  class space    used 8036K, committed 8256K, reserved 1048576K
}
Event: 30.183 GC heap before
{Heap before GC invocations=16 (full 0):
 garbage-first heap   total 61440K, used 48005K [0x0000000760000000, 0x0000000800000000)
  region size 2048K, 13 young (26624K), 2 survivors (4096K)
 Metaspace       used 63300K, committed 63872K, reserved 1114112K
  class space    used 8630K, committed 8896K, reserved 1048576K
}
Event: 30.187 GC heap after
{Heap after GC invocations=17 (full 0):
 garbage-first heap   total 61440K, used 27385K [0x0000000760000000, 0x0000000800000000)
  region size 2048K, 2 young (4096K), 2 survivors (4096K)
 Metaspace       used 63300K, committed 63872K, reserved 1114112K
  class space    used 8630K, committed 8896K, reserved 1048576K
}
Event: 30.726 GC heap before
{Heap before GC invocations=18 (full 0):
 garbage-first heap   total 61440K, used 47865K [0x0000000760000000, 0x0000000800000000)
  region size 2048K, 12 young (24576K), 2 survivors (4096K)
 Metaspace       used 65966K, committed 66560K, reserved 1114112K
  class space    used 9038K, committed 9344K, reserved 1048576K
}
Event: 30.730 GC heap after
{Heap after GC invocations=19 (full 0):
 garbage-first heap   total 61440K, used 29473K [0x0000000760000000, 0x0000000800000000)
  region size 2048K, 2 young (4096K), 2 survivors (4096K)
 Metaspace       used 65966K, committed 66560K, reserved 1114112K
  class space    used 9038K, committed 9344K, reserved 1048576K
}
Event: 30.773 GC heap before
{Heap before GC invocations=19 (full 0):
 garbage-first heap   total 61440K, used 31521K [0x0000000760000000, 0x0000000800000000)
  region size 2048K, 3 young (6144K), 2 survivors (4096K)
 Metaspace       used 66370K, committed 67008K, reserved 1114112K
  class space    used 9091K, committed 9408K, reserved 1048576K
}
Event: 30.778 GC heap after
{Heap after GC invocations=20 (full 0):
 garbage-first heap   total 61440K, used 29916K [0x0000000760000000, 0x0000000800000000)
  region size 2048K, 1 young (2048K), 1 survivors (2048K)
 Metaspace       used 66370K, committed 67008K, reserved 1114112K
  class space    used 9091K, committed 9408K, reserved 1048576K
}
Event: 61.558 GC heap before
{Heap before GC invocations=20 (full 0):
 garbage-first heap   total 61440K, used 46300K [0x0000000760000000, 0x0000000800000000)
  region size 2048K, 9 young (18432K), 1 survivors (2048K)
 Metaspace       used 69194K, committed 69824K, reserved 1114112K
  class space    used 9462K, committed 9792K, reserved 1048576K
}
Event: 61.561 GC heap after
{Heap after GC invocations=21 (full 0):
 garbage-first heap   total 61440K, used 30684K [0x0000000760000000, 0x0000000800000000)
  region size 2048K, 1 young (2048K), 1 survivors (2048K)
 Metaspace       used 69194K, committed 69824K, reserved 1114112K
  class space    used 9462K, committed 9792K, reserved 1048576K
}
Event: 72.296 GC heap before
{Heap before GC invocations=22 (full 0):
 garbage-first heap   total 61440K, used 45020K [0x0000000760000000, 0x0000000800000000)
  region size 2048K, 9 young (18432K), 1 survivors (2048K)
 Metaspace       used 73686K, committed 74304K, reserved 1114112K
  class space    used 10125K, committed 10432K, reserved 1048576K
}
Event: 72.299 GC heap after
{Heap after GC invocations=23 (full 0):
 garbage-first heap   total 61440K, used 31091K [0x0000000760000000, 0x0000000800000000)
  region size 2048K, 1 young (2048K), 1 survivors (2048K)
 Metaspace       used 73686K, committed 74304K, reserved 1114112K
  class space    used 10125K, committed 10432K, reserved 1048576K
}

